Arguments: 
  /Users/michael.zhang/.nvm/versions/node/v19.1.0/bin/node /opt/homebrew/Cellar/yarn/1.22.10/libexec/bin/yarn.js

PATH: 
  /Users/michael.zhang/.gvm/pkgsets/go1.18/global/bin:/Users/michael.zhang/.gvm/gos/go1.18/bin:/Users/michael.zhang/.gvm/pkgsets/go1.18/global/overlay/bin:/Users/michael.zhang/.gvm/bin:/Users/michael.zhang/.gvm/bin:/opt/homebrew/anaconda3/bin:/opt/homebrew/anaconda3/condabin:/Users/michael.zhang/.nvm/versions/node/v19.1.0/bin:/Applications/Sublime Text.app/Contents/SharedSupport/bin:/Users/michael.zhang/.rvm/gems/ruby-3.0.0/bin:/Users/michael.zhang/.rvm/gems/ruby-3.0.0@global/bin:/Users/michael.zhang/.rvm/rubies/ruby-3.0.0/bin:/opt/homebrew/bin:/opt/homebrew/sbin:/usr/local/bin:/System/Cryptexes/App/usr/bin:/usr/bin:/bin:/usr/sbin:/sbin:/usr/local/go/bin:/Users/michael.zhang/.rvm/bin:/Users/michael.zhang/.rvm/bin:/Users/michael.zhang/go/bin:/opt/homebrew/anaconda3/bin:/Users/michael.zhang/.rvm/bin

Yarn version: 
  1.22.10

Node version: 
  19.1.0

Platform: 
  darwin arm64

Trace: 
  Error: getaddrinfo ENOTFOUND bnpm.byted.org
      at GetAddrInfoReqWrap.onlookup [as oncomplete] (node:dns:107:26)

npm manifest: 
  {
    "scripts": {
      "prebuild:roam": "npm install",
      "build:roam": "roamjs-scripts build --depot",
      "dev": "roamjs-scripts dev --depot"
    },
    "dependencies": {
      "@blueprintjs/popover2": "^1.11.1",
      "@types/react": "^18.0.27",
      "dotenv": "^16.0.3",
      "roamjs-scripts": "^0.26.26"
    }
  }

yarn manifest: 
  No manifest

Lockfile: 
  No lockfile
